Debug: [Main]: Setting up plugin paths... 
Debug: [Main]: ...done. 
Debug: [Main]: Mixxx 1.7.2 "(bzr r2536; built on: Dec 29 2009 @ 23:29:12) " is starting... 
Debug: [Main]: At current version 1.7.2 
Debug: [Main]: ControlObject::getControl returning NULL for ( "[Mixer Profile]" , "LoEQFrequency" ) 
Debug: [Main]: SampleRate 44100 
Debug: [Main]: Latency 92 
Debug: [Main]: createWaveformViewer() 
Debug: [Main]: WaveformViewerFactory :: Creating new simple waveform 
Debug: [Main]: WaveformRenderer::setupControlObjects - VisualResample:  400 
Debug: [Main]: Got bgColor  QColor(ARGB 1, 0.0980392, 0.0980392, 0.0980392) 
Debug: [Main]: Got signalColor  QColor(ARGB 1, 0, 0.803922, 0) 
Debug: [Main]: createWaveformViewer() 
Debug: [Main]: WaveformViewerFactory :: Creating new simple waveform 
Debug: [Main]: WaveformRenderer::setupControlObjects - VisualResample:  400 
Debug: [Main]: Got bgColor  QColor(ARGB 1, 0.0980392, 0.0980392, 0.0980392) 
Debug: [Main]: Got signalColor  QColor(ARGB 1, 0, 0.803922, 0) 
Debug: [Main]: Setting up LADSPA EnableEffect "0" 
Debug: [Main]: Key string: "EnableEffect0" 
Debug: [Main]: Setting up LADSPA EnableEffect "1" 
Debug: [Main]: Key string: "EnableEffect1" 
Debug: [Main]: Setting up LADSPA EnableEffect "2" 
Debug: [Main]: Key string: "EnableEffect2" 
Debug: [Main]: Loading playlists and library tracks from XML... 
Debug: [Main]: Track::readXML "C:/Users/Gord/Local Settings/Application Data/Mixxx/mixxxtrack.xml" 
Debug: [Main]: Promo track directory does not exist: "P:/PortableApps/MixxxPortable/App/Mixxx/promo" 
Debug: [Main]: Constructed LibraryScanner!!! 
Debug: [Main]: No playlists, returning 
Debug: [Main]: FIXME: Need to tell the m_pPlaylistListModel to refresh in src\track.cpp on line: 1370 
Debug: [Main]: Trying to add 115 songs to the library playlist 
Debug: [Main]: Adjusting column widths: tracktable width = 100  1% of that is: 1  FIXME: this should be done when initalizing the skin. 
Debug: [Main]: Shrinking Title/Comment for small screen...  
Debug: [Main]: FIXME: repaintEverything switches table model and shouldn't do that when viewing the playlist model in  src\wtracktableview.cpp:  227 
Debug: [Main]: selectedAPI is:  "Windows DirectSound" 
Debug: [Main]: getSliderLatencyMsec in:  12 
Debug: [Main]: getSliderLatencyMsec out:  92 
Debug: [Main]: loadSettings: 1 0 "SlowFade" 
Debug: [Main]: slotApply crossfader: 1 "SlowFade" 
Debug: [Main]: BpmSchemes::readXML "C:/Users/Gord/Local Settings/Application Data/Mixxx/mixxxbpmscheme.xml" 
Debug: [Main]: getting midi device list, size  0  and:  "" 
Debug: [Main]: Setting up LADSPA EnableEffect "0" 
Debug: [Main]: Key string: "EnableEffect0" 
Debug: [Main]: Setting up LADSPA EnableEffect "1" 
Debug: [Main]: Key string: "EnableEffect1" 
Debug: [Main]: Setting up LADSPA EnableEffect "2" 
Debug: [Main]: Key string: "EnableEffect2" 
Debug: [Main]: SoundManager::setupDevices() 
Debug: [Main]: Building timecode lookup tables... 
Debug: [Main]: Starting vinyl control xwax thread 
Debug: [Main]: Building timecode lookup tables... 
Debug: [Main]: Starting vinyl control xwax thread 
Debug: [Main]: SoundDevicePortAudio::open() "6, Primary Sound Driver" 
Debug: [Main]: m_dSampleRate 44100 
Debug: [Main]: iLatencyMSec: 92 
Debug: [Main]: output channels: 2 | input channels: 0 
Debug: [Main]: iFramesPerBuffer 4096 
Debug: [Main]: iLatencyMSec: 92 
Debug: [Main]: Opening stream with id 6 
Debug: [Main]: Opened PortAudio stream successfully... starting 
Debug: [Main]: PortAudio: Started stream successfully 
Debug: [Main]: iNumDevicesOpenedForOutput: 1 
Debug: [Main]: iNumDevicesOpenedForInput: 0 
Debug: [Main]: Displaying mixxx 
Debug: [Main]: Adjusting column widths: tracktable width = 799  1% of that is: 7.99  FIXME: this should be done when initalizing the skin. 
Debug: [Main]: Shrinking Title/Comment for small screen...  
Debug: [Main]: Running Mixxx 
Debug: [Main]: Destroying MixxxApp 
Debug: [Main]: save config,  0 
Debug: [Main]: Write track xml,  17 
Debug: [Main]: close soundmanager 191 
Debug: [Main]: soundmanager->close() done 
Debug: [Main]: delete soundmanager,  257 
Debug: [Main]: delete master,  258 
Debug: [Main]: in ~EngineMaster() 
Debug: [Main]: delete channel1,  259 
Debug: [Main]: delete channel2,  260 
Debug: [Main]: delete buffer1,  260 
Debug: [Main]: delete buffer2,  262 
Debug: [Main]: delete midi,  265 
Debug: [Main]: MidiObject: Deleting MidiMapping... 
Debug: [Main]: MidiObject: Deleting MIDI script engine... 
Debug: [Main]: delete view,  277 
Debug: [Main]: delete tracks,  281 
Debug: [Main]: delete config,  297 
